<?xml version="1.0" encoding="UTF-8"?>
<!-- Generated by org.testng.reporters.JUnitXMLReporter -->
<testsuite ignored="0" hostname="DESKTOP-STS6QSQ" failures="1" tests="1" name="Login Test" time="18.441" errors="0" timestamp="2021-09-15T14:41:48 IST">
  <testcase classname="com.testCases.TC_LoginTest_001" name="loginTest" time="1.624">
    <failure type="java.lang.AssertionError" message="expected [true] but found [false]">
      <![CDATA[java.lang.AssertionError: expected [true] but found [false]
at com.testCases.TC_LoginTest_001.loginTest(TC_LoginTest_001.java:47)
at java.base/java.util.ArrayList.forEach(ArrayList.java:1511)
... Removed 31 stack frames]]>
    </failure>
  </testcase> <!-- loginTest -->
</testsuite> <!-- Login Test -->
