<?xml version="1.0" encoding="UTF-8"?>
<!-- Generated by org.testng.reporters.JUnitXMLReporter -->
<testsuite ignored="0" hostname="DESKTOP-STS6QSQ" failures="2" tests="3" name="LoginDDT Test" time="18.438" errors="0" timestamp="2021-09-15T14:42:30 IST">
  <testcase classname="com.testCases.TC_LoginDDTTest_" name="loginDDTTest" time="6.605"/>
  <testcase classname="com.testCases.TC_LoginDDTTest_" name="loginDDTTest" time="1.387">
    <failure type="java.lang.AssertionError" message="expected [true] but found [false]">
      <![CDATA[java.lang.AssertionError: expected [true] but found [false]
at com.testCases.TC_LoginDDTTest_.loginDDTTest(TC_LoginDDTTest_.java:49)
at java.base/java.util.ArrayList.forEach(ArrayList.java:1511)
... Removed 31 stack frames]]>
    </failure>
  </testcase> <!-- loginDDTTest -->
  <testcase classname="com.testCases.TC_LoginDDTTest_" name="loginDDTTest" time="2.192">
    <failure type="java.lang.AssertionError" message="expected [true] but found [false]">
      <![CDATA[java.lang.AssertionError: expected [true] but found [false]
at com.testCases.TC_LoginDDTTest_.loginDDTTest(TC_LoginDDTTest_.java:49)
at java.base/java.util.ArrayList.forEach(ArrayList.java:1511)
... Removed 31 stack frames]]>
    </failure>
  </testcase> <!-- loginDDTTest -->
</testsuite> <!-- LoginDDT Test -->
